<?xml version="1.0" encoding="UTF-8"?>
<!-- Generated by org.testng.reporters.JUnitReportReporter -->
<testsuite skipped="0" hostname="MOHAN" name="MagentoTest" tests="1" failures="0" timestamp="30 Aug 2018 08:20:46 GMT" time="50.973" errors="0">
  <testcase name="magentotest" time="50.973" classname="MagentoTest"/>
</testsuite> <!-- MagentoTest -->
